#
# There is insufficient memory for the Java Runtime Environment to continue.
# Native memory allocation (malloc) failed to allocate 1453616 bytes for Chunk::new
# Possible reasons:
#   The system is out of physical RAM or swap space
#   In 32 bit mode, the process size limit was hit
# Possible solutions:
#   Reduce memory load on the system
#   Increase physical memory or swap space
#   Check if swap backing store is full
#   Use 64 bit Java on a 64 bit OS
#   Decrease Java heap size (-Xmx/-Xms)
#   Decrease number of Java threads
#   Decrease Java thread stack sizes (-Xss)
#   Set larger code cache with -XX:ReservedCodeCacheSize=
# This output file may be truncated or incomplete.
#
#  Out of Memory Error (allocation.cpp:390), pid=11800, tid=54156
#
# JRE version: Java(TM) SE Runtime Environment (8.0_66-b18) (build 1.8.0_66-b18)
# Java VM: Java HotSpot(TM) 64-Bit Server VM (25.66-b18 mixed mode windows-amd64 compressed oops)
# Failed to write core dump. Minidumps are not enabled by default on client versions of Windows
#

---------------  T H R E A D  ---------------

Current thread (0x000000001bcac800):  JavaThread "C2 CompilerThread0" daemon [_thread_in_native, id=54156, stack(0x000000001d1b0000,0x000000001d2b0000)]

Stack: [0x000000001d1b0000,0x000000001d2b0000]
[error occurred during error reporting (printing stack bounds), id 0xc0000005]

Native frames: (J=compiled Java code, j=interpreted, Vv=VM code, C=native code)


Current CompileTask:
C2:   9255 2076       4       com.android.dx.ssa.SsaConverter::placePhiFunctions (394 bytes)


---------------  P R O C E S S  ---------------

Java Threads: ( => current thread )
  0x000000001d53c000 JavaThread "pool-1-thread-4" [_thread_in_Java, id=53872, stack(0x000000001deb0000,0x000000001dfb0000)]
  0x000000001d537000 JavaThread "pool-1-thread-3" [_thread_in_Java, id=51396, stack(0x000000001ddb0000,0x000000001deb0000)]
  0x000000001d532800 JavaThread "pool-1-thread-2" [_thread_in_Java, id=53824, stack(0x000000001dcb0000,0x000000001ddb0000)]
  0x000000001d52f800 JavaThread "pool-2-thread-1" [_thread_blocked, id=45096, stack(0x000000001dbb0000,0x000000001dcb0000)]
  0x000000001d52f000 JavaThread "pool-1-thread-1" [_thread_in_vm, id=53944, stack(0x000000001dab0000,0x000000001dbb0000)]
  0x000000001d334800 JavaThread "Service Thread" daemon [_thread_blocked, id=54160, stack(0x000000001d8b0000,0x000000001d9b0000)]
  0x000000001d2b7000 JavaThread "C1 CompilerThread2" daemon [_thread_blocked, id=46172, stack(0x000000001d7b0000,0x000000001d8b0000)]
  0x000000001d2b0800 JavaThread "C2 CompilerThread1" daemon [_thread_in_native, id=54152, stack(0x000000001d6b0000,0x000000001d7b0000)]
=>0x000000001bcac800 JavaThread "C2 CompilerThread0" daemon [_thread_in_native, id=54156, stack(0x000000001d1b0000,0x000000001d2b0000)]
  0x000000001bc5f000 JavaThread "Attach Listener" daemon [_thread_blocked, id=54192, stack(0x000000001d0b0000,0x000000001d1b0000)]
  0x000000001bc5e000 JavaThread "Signal Dispatcher" daemon [_thread_blocked, id=54220, stack(0x000000001cfb0000,0x000000001d0b0000)]
  0x0000000002571800 JavaThread "Finalizer" daemon [_thread_blocked, id=47444, stack(0x000000001cea0000,0x000000001cfa0000)]
  0x000000001bc19000 JavaThread "Reference Handler" daemon [_thread_blocked, id=47796, stack(0x000000001cda0000,0x000000001cea0000)]
  0x0000000002482800 JavaThread "main" [_thread_in_Java, id=46184, stack(0x0000000002380000,0x0000000002480000)]

Other Threads:
  0x000000001bc16800 VMThread [stack: 0x000000001cca0000,0x000000001cda0000] [id=30672]
  0x000000001d381800 WatcherThread [stack: 0x000000001d9b0000,0x000000001dab0000] [id=54216]

VM state:not at safepoint (normal execution)

VM Mutex/Monitor currently owned by a thread: None

Heap:
 PSYoungGen      total 138240K, used 117829K [0x000000076ab00000, 0x0000000773700000, 0x00000007c0000000)
  eden space 133120K, 84% used [0x000000076ab00000,0x0000000771916b58,0x0000000772d00000)
  from space 5120K, 99% used [0x0000000773200000,0x00000007736fa8d8,0x0000000773700000)
  to   space 5120K, 0% used [0x0000000772d00000,0x0000000772d00000,0x0000000773200000)
 ParOldGen       total 87552K, used 27931K [0x00000006c0000000, 0x00000006c5580000, 0x000000076ab00000)
  object space 87552K, 31% used [0x00000006c0000000,0x00000006c1b46d60,0x00000006c5580000)
 Metaspace       used 6538K, capacity 7192K, committed 7424K, reserved 1056768K
  class space    used 621K, capacity 656K, committed 768K, reserved 1048576K

Card table byte_map: [0x0000000011940000,0x0000000012150000] byte_map_base: 0x000000000e340000

Marking Bits: (ParMarkBitMap*) 0x00000000642aa5b0
 Begin Bits: [0x0000000012ab0000, 0x0000000016ab0000)
 End Bits:   [0x0000000016ab0000, 0x000000001aab0000)

Polling page: 0x0000000000450000

CodeCache: size=245760Kb used=9166Kb max_used=9172Kb free=236593Kb
 bounds [0x0000000002580000, 0x0000000002e80000, 0x0000000011580000]
 total_blobs=2294 nmethods=2022 adapters=184
 compilation: enabled

Compilation events (10 events):
Event: 8.980 Thread 0x000000001bcac800 nmethod 2031 0x0000000002e5e1d0 code [0x0000000002e5e340, 0x0000000002e5e9f8]
Event: 8.980 Thread 0x000000001bcac800 1940       4       com.android.dx.dex.code.RopTranslator::outputBlock (202 bytes)
Event: 9.043 Thread 0x000000001bcac800 nmethod 1940 0x0000000002e79890 code [0x0000000002e79ae0, 0x0000000002e7b6a8]
Event: 9.043 Thread 0x000000001bcac800 2076       4       com.android.dx.ssa.SsaConverter::placePhiFunctions (394 bytes)
Event: 9.087 Thread 0x000000001d2b7000 2077       2       com.android.dx.ssa.SsaMethod::deleteInsns (239 bytes)
Event: 9.090 Thread 0x000000001d2b7000 nmethod 2077 0x0000000002e77850 code [0x0000000002e77b00, 0x0000000002e78778]
Event: 9.114 Thread 0x000000001d2b7000 2080       2       com.android.dx.rop.code.Rops::opAnd (21 bytes)
Event: 9.114 Thread 0x000000001d2b7000 nmethod 2080 0x0000000002e77490 code [0x0000000002e77600, 0x0000000002e777a8]
Event: 9.115 Thread 0x000000001d2b7000 2081       2       com.android.dx.rop.code.Rops::opAget (97 bytes)
Event: 9.115 Thread 0x000000001d2b7000 nmethod 2081 0x0000000002e76a50 code [0x0000000002e76c20, 0x0000000002e77198]

GC Heap History (8 events):
Event: 2.637 GC heap before
{Heap before GC invocations=1 (full 0):
 PSYoungGen      total 38400K, used 33280K [0x000000076ab00000, 0x000000076d580000, 0x00000007c0000000)
  eden space 33280K, 100% used [0x000000076ab00000,0x000000076cb80000,0x000000076cb80000)
  from space 5120K, 0% used [0x000000076d080000,0x000000076d080000,0x000000076d580000)
  to   space 5120K, 0% used [0x000000076cb80000,0x000000076cb80000,0x000000076d080000)
 ParOldGen       total 87552K, used 0K [0x00000006c0000000, 0x00000006c5580000, 0x000000076ab00000)
  object space 87552K, 0% used [0x00000006c0000000,0x00000006c0000000,0x00000006c5580000)
 Metaspace       used 6085K, capacity 6962K, committed 7040K, reserved 1056768K
  class space    used 599K, capacity 618K, committed 640K, reserved 1048576K
Event: 2.672 GC heap after
Heap after GC invocations=1 (full 0):
 PSYoungGen      total 38400K, used 5119K [0x000000076ab00000, 0x000000076f600000, 0x00000007c0000000)
  eden space 33280K, 0% used [0x000000076ab00000,0x000000076ab00000,0x000000076cb80000)
  from space 5120K, 99% used [0x000000076cb80000,0x000000076d07fca8,0x000000076d080000)
  to   space 5120K, 0% used [0x000000076f100000,0x000000076f100000,0x000000076f600000)
 ParOldGen       total 87552K, used 1746K [0x00000006c0000000, 0x00000006c5580000, 0x000000076ab00000)
  object space 87552K, 1% used [0x00000006c0000000,0x00000006c01b49c0,0x00000006c5580000)
 Metaspace       used 6085K, capacity 6962K, committed 7040K, reserved 1056768K
  class space    used 599K, capacity 618K, committed 640K, reserved 1048576K
}
Event: 3.594 GC heap before
{Heap before GC invocations=2 (full 0):
 PSYoungGen      total 38400K, used 38399K [0x000000076ab00000, 0x000000076f600000, 0x00000007c0000000)
  eden space 33280K, 100% used [0x000000076ab00000,0x000000076cb80000,0x000000076cb80000)
  from space 5120K, 99% used [0x000000076cb80000,0x000000076d07fca8,0x000000076d080000)
  to   space 5120K, 0% used [0x000000076f100000,0x000000076f100000,0x000000076f600000)
 ParOldGen       total 87552K, used 1746K [0x00000006c0000000, 0x00000006c5580000, 0x000000076ab00000)
  object space 87552K, 1% used [0x00000006c0000000,0x00000006c01b49c0,0x00000006c5580000)
 Metaspace       used 6239K, capacity 7090K, committed 7296K, reserved 1056768K
  class space    used 599K, capacity 618K, committed 640K, reserved 1048576K
Event: 3.616 GC heap after
Heap after GC invocations=2 (full 0):
 PSYoungGen      total 71680K, used 5105K [0x000000076ab00000, 0x000000076f600000, 0x00000007c0000000)
  eden space 66560K, 0% used [0x000000076ab00000,0x000000076ab00000,0x000000076ec00000)
  from space 5120K, 99% used [0x000000076f100000,0x000000076f5fc530,0x000000076f600000)
  to   space 5120K, 0% used [0x000000076ec00000,0x000000076ec00000,0x000000076f100000)
 ParOldGen       total 87552K, used 6577K [0x00000006c0000000, 0x00000006c5580000, 0x000000076ab00000)
  object space 87552K, 7% used [0x00000006c0000000,0x00000006c066c620,0x00000006c5580000)
 Metaspace       used 6239K, capacity 7090K, committed 7296K, reserved 1056768K
  class space    used 599K, capacity 618K, committed 640K, reserved 1048576K
}
Event: 4.922 GC heap before
{Heap before GC invocations=3 (full 0):
 PSYoungGen      total 71680K, used 71665K [0x000000076ab00000, 0x000000076f600000, 0x00000007c0000000)
  eden space 66560K, 100% used [0x000000076ab00000,0x000000076ec00000,0x000000076ec00000)
  from space 5120K, 99% used [0x000000076f100000,0x000000076f5fc530,0x000000076f600000)
  to   space 5120K, 0% used [0x000000076ec00000,0x000000076ec00000,0x000000076f100000)
 ParOldGen       total 87552K, used 6577K [0x00000006c0000000, 0x00000006c5580000, 0x000000076ab00000)
  object space 87552K, 7% used [0x00000006c0000000,0x00000006c066c620,0x00000006c5580000)
 Metaspace       used 6327K, capacity 7090K, committed 7296K, reserved 1056768K
  class space    used 601K, capacity 618K, committed 640K, reserved 1048576K
Event: 5.783 GC heap after
Heap after GC invocations=3 (full 0):
 PSYoungGen      total 71680K, used 5114K [0x000000076ab00000, 0x0000000773700000, 0x00000007c0000000)
  eden space 66560K, 0% used [0x000000076ab00000,0x000000076ab00000,0x000000076ec00000)
  from space 5120K, 99% used [0x000000076ec00000,0x000000076f0fe8c8,0x000000076f100000)
  to   space 5120K, 0% used [0x0000000773200000,0x0000000773200000,0x0000000773700000)
 ParOldGen       total 87552K, used 17626K [0x00000006c0000000, 0x00000006c5580000, 0x000000076ab00000)
  object space 87552K, 20% used [0x00000006c0000000,0x00000006c1136a88,0x00000006c5580000)
 Metaspace       used 6327K, capacity 7090K, committed 7296K, reserved 1056768K
  class space    used 601K, capacity 618K, committed 640K, reserved 1048576K
}
Event: 7.533 GC heap before
{Heap before GC invocations=4 (full 0):
 PSYoungGen      total 71680K, used 71674K [0x000000076ab00000, 0x0000000773700000, 0x00000007c0000000)
  eden space 66560K, 100% used [0x000000076ab00000,0x000000076ec00000,0x000000076ec00000)
  from space 5120K, 99% used [0x000000076ec00000,0x000000076f0fe8c8,0x000000076f100000)
  to   space 5120K, 0% used [0x0000000773200000,0x0000000773200000,0x0000000773700000)
 ParOldGen       total 87552K, used 17626K [0x00000006c0000000, 0x00000006c5580000, 0x000000076ab00000)
  object space 87552K, 20% used [0x00000006c0000000,0x00000006c1136a88,0x00000006c5580000)
 Metaspace       used 6499K, capacity 7192K, committed 7424K, reserved 1056768K
  class space    used 621K, capacity 656K, committed 768K, reserved 1048576K
Event: 7.620 GC heap after
Heap after GC invocations=4 (full 0):
 PSYoungGen      total 138240K, used 5098K [0x000000076ab00000, 0x0000000773700000, 0x00000007c0000000)
  eden space 133120K, 0% used [0x000000076ab00000,0x000000076ab00000,0x0000000772d00000)
  from space 5120K, 99% used [0x0000000773200000,0x00000007736fa8d8,0x0000000773700000)
  to   space 5120K, 0% used [0x0000000772d00000,0x0000000772d00000,0x0000000773200000)
 ParOldGen       total 87552K, used 27931K [0x00000006c0000000, 0x00000006c5580000, 0x000000076ab00000)
  object space 87552K, 31% used [0x00000006c0000000,0x00000006c1b46d60,0x00000006c5580000)
 Metaspace       used 6499K, capacity 7192K, committed 7424K, reserved 1056768K
  class space    used 621K, capacity 656K, committed 768K, reserved 1048576K
}

Deoptimization events (10 events):
Event: 6.941 Thread 0x000000001d53c000 Uncommon trap: reason=bimorphic action=maybe_recompile pc=0x0000000002d58a6c method=com.android.dx.cf.code.BytecodeArray.parseInstruction(ILcom/android/dx/cf/code/BytecodeArray$Visitor;)I @ 971
Event: 6.941 Thread 0x000000001d53c000 Uncommon trap: reason=bimorphic action=maybe_recompile pc=0x0000000002d58aec method=com.android.dx.cf.code.BytecodeArray.parseInstruction(ILcom/android/dx/cf/code/BytecodeArray$Visitor;)I @ 987
Event: 6.941 Thread 0x000000001d53c000 Uncommon trap: reason=bimorphic action=maybe_recompile pc=0x0000000002d5886c method=com.android.dx.cf.code.BytecodeArray.parseInstruction(ILcom/android/dx/cf/code/BytecodeArray$Visitor;)I @ 907
Event: 6.941 Thread 0x000000001d53c000 Uncommon trap: reason=class_check action=maybe_recompile pc=0x0000000002d02c80 method=com.android.dx.cf.code.Ropper.processBlock(Lcom/android/dx/cf/code/ByteBlock;Lcom/android/dx/cf/code/Frame;[I)V @ 777
Event: 7.328 Thread 0x0000000002482800 Uncommon trap: reason=unstable_if action=reinterpret pc=0x0000000002d94690 method=java.util.HashMap.getNode(ILjava/lang/Object;)Ljava/util/HashMap$Node; @ 84
Event: 7.705 Thread 0x000000001d53c000 Uncommon trap: reason=unstable_if action=reinterpret pc=0x0000000002bbecf4 method=com.android.dx.ssa.SsaBasicBlock.scheduleMovesFromPhis()V @ 63
Event: 7.852 Thread 0x000000001d537000 Uncommon trap: reason=unstable_if action=reinterpret pc=0x0000000002dd4494 method=com.android.dx.cf.code.ByteCatchList.listFor(I)Lcom/android/dx/cf/code/ByteCatchList; @ 47
Event: 8.054 Thread 0x000000001d52f000 Uncommon trap: reason=class_check action=maybe_recompile pc=0x0000000002d34640 method=com.android.dx.cf.code.OneLocalsArray.set(ILcom/android/dx/rop/type/TypeBearer;)V @ 85
Event: 8.782 Thread 0x000000001d53c000 Uncommon trap: reason=unstable_if action=reinterpret pc=0x0000000002a1e088 method=java.util.HashMap.putVal(ILjava/lang/Object;Ljava/lang/Object;ZZ)Ljava/lang/Object; @ 162
Event: 9.055 Thread 0x000000001d53c000 Uncommon trap: reason=unstable_if action=reinterpret pc=0x0000000002a09b74 method=com.android.dx.ssa.SsaMethod.getExitBlock()Lcom/android/dx/ssa/SsaBasicBlock; @ 4

Internal exceptions (7 events):
Event: 0.079 Thread 0x0000000002482800 Exception <a 'java/lang/NoSuchMethodError': Method sun.misc.Unsafe.defineClass(Ljava/lang/String;[BII)Ljava/lang/Class; name or signature does not match> (0x000000076ab13048) thrown at [C:\re\workspace\8-2-build-windows-amd64-cygwin\jdk8u66\5298\hotspot\sr–Y3ñ*´?
Event: 0.079 Thread 0x0000000002482800 Exception <a 'java/lang/NoSuchMethodError': Method sun.misc.Unsafe.prefetchRead(Ljava/lang/Object;J)V name or signature does not match> (0x000000076ab13330) thrown at [C:\re\workspace\8-2-build-windows-amd64-cygwin\jdk8u66\5298\hotspot\src\share\vm\prims\j…SÕ®*$@
Event: 2.518 Thread 0x000000001d53c000 Implicit null exception at 0x0000000002931d87 to 0x0000000002933d51
Event: 4.517 Thread 0x000000001d537000 Implicit null exception at 0x0000000002bf73ec to 0x0000000002bf8ea9
Event: 5.917 Thread 0x000000001d537000 Exception <a 'java/lang/ArrayIndexOutOfBoundsException': 18> (0x000000076b571668) thrown at [C:\re\workspace\8-2-build-windows-amd64-cygwin\jdk8u66\5298\hotspot\src\share\vm\interpreter\interpreterRuntime.cpp, line 366]
Event: 5.918 Thread 0x000000001d537000 Exception <a 'java/lang/ArrayIndexOutOfBoundsException': 145> (0x000000076b5731e8) thrown at [C:\re\workspace\8-2-build-windows-amd64-cygwin\jdk8u66\5298\hotspot\src\share\vm\interpreter\interpreterRuntime.cpp, line 366]
Event: 5.935 Thread 0x000000001d537000 Exception <a 'java/lang/ArrayIndexOutOfBoundsException'> (0x000000076b5744d0) thrown at [C:\re\workspace\8-2-build-windows-amd64-cygwin\jdk8u66\5298\hotspot\src\share\vm\runtime\sharedRuntime.cpp, line 605]

Events (10 events):
Event: 8.782 Thread 0x000000001d53c000 Uncommon trap: trap_request=0xffffff65 fr.pc=0x0000000002a1e088
Event: 8.782 Thread 0x000000001d53c000 DEOPT PACKING pc=0x0000000002a1e088 sp=0x000000001dfaea90
Event: 8.782 Thread 0x000000001d53c000 DEOPT UNPACKING pc=0x00000000025c582a sp=0x000000001dfae9a0 mode 2
Event: 8.919 Thread 0x000000001d532800 DEOPT PACKING pc=0x00000000029a3f19 sp=0x000000001ddaeca0
Event: 8.919 Thread 0x000000001d532800 DEOPT UNPACKING pc=0x00000000025c787f sp=0x000000001ddaead0 mode 0
Event: 9.012 Thread 0x0000000002482800 DEOPT PACKING pc=0x00000000029a3f19 sp=0x000000000247e1d0
Event: 9.012 Thread 0x0000000002482800 DEOPT UNPACKING pc=0x00000000025c787f sp=0x000000000247e000 mode 0
Event: 9.055 Thread 0x000000001d53c000 Uncommon trap: trap_request=0xffffff65 fr.pc=0x0000000002a09b74
Event: 9.056 Thread 0x000000001d53c000 DEOPT PACKING pc=0x0000000002a09b74 sp=0x000000001dfaeb50
Event: 9.056 Thread 0x000000001d53c000 DEOPT UNPACKING pc=0x00000000025c582a sp=0x000000001dfaeab8 mode 2


Dynamic libraries:
0x00007ff613f90000 - 0x00007ff613fc7000 	D:\Java\jdk1.8.0_66\bin\java.exe
0x00007ff9bc000000 - 0x00007ff9bc1ca000 	C:\WINDOWS\SYSTEM32\ntdll.dll
0x00007ff9ba0b0000 - 0x00007ff9ba15b000 	C:\WINDOWS\system32\KERNEL32.DLL
0x00007ff9b89d0000 - 0x00007ff9b8bc3000 	C:\WINDOWS\system32\KERNELBASE.dll
0x00007ff9ba610000 - 0x00007ff9ba6b7000 	C:\WINDOWS\system32\ADVAPI32.dll
0x00007ff9ba010000 - 0x00007ff9ba0ad000 	C:\WINDOWS\system32\msvcrt.dll
0x00007ff9b9590000 - 0x00007ff9b95ec000 	C:\WINDOWS\system32\sechost.dll
0x00007ff9b9e20000 - 0x00007ff9b9f4c000 	C:\WINDOWS\system32\RPCRT4.dll
0x00007ff9b9420000 - 0x00007ff9b9583000 	C:\WINDOWS\system32\USER32.dll
0x0000000064a20000 - 0x0000000064a3e000 	C:\WINDOWS\system32\win32u.dll
0x00007ff9ba340000 - 0x00007ff9ba4c0000 	C:\WINDOWS\system32\GDI32.dll
0x00007ff9aa5f0000 - 0x00007ff9aa864000 	C:\WINDOWS\WinSxS\amd64_microsoft.windows.common-controls_6595b64144ccf1df_6.0.14267.1000_none_7e856d7ee9a5a4b7\COMCTL32.dll
0x00007ff9b9b30000 - 0x00007ff9b9db1000 	C:\WINDOWS\system32\combase.dll
0x00007ff9b8810000 - 0x00007ff9b887a000 	C:\WINDOWS\system32\bcryptPrimitives.dll
0x00007ff9bbe20000 - 0x00007ff9bbe4d000 	C:\WINDOWS\system32\IMM32.DLL
0x0000000062750000 - 0x0000000062822000 	D:\Java\jdk1.8.0_66\jre\bin\msvcr100.dll
0x0000000063aa0000 - 0x0000000064329000 	D:\Java\jdk1.8.0_66\jre\bin\server\jvm.dll
0x00007ff9bbcc0000 - 0x00007ff9bbcc7000 	C:\WINDOWS\system32\PSAPI.DLL
0x00007ff9b4c00000 - 0x00007ff9b4c09000 	C:\WINDOWS\SYSTEM32\WSOCK32.dll
0x00007ff9ba160000 - 0x00007ff9ba1cb000 	C:\WINDOWS\system32\WS2_32.dll
0x00007ff9b6920000 - 0x00007ff9b6943000 	C:\WINDOWS\SYSTEM32\WINMM.dll
0x00007ff9a6650000 - 0x00007ff9a665a000 	C:\WINDOWS\SYSTEM32\VERSION.dll
0x00007ff9b68c0000 - 0x00007ff9b68ec000 	C:\WINDOWS\SYSTEM32\WINMMBASE.dll
0x00007ff9b8880000 - 0x00007ff9b88c3000 	C:\WINDOWS\system32\cfgmgr32.dll
0x0000000063a90000 - 0x0000000063a9f000 	D:\Java\jdk1.8.0_66\jre\bin\verify.dll
0x0000000063a60000 - 0x0000000063a89000 	D:\Java\jdk1.8.0_66\jre\bin\java.dll
0x0000000063a40000 - 0x0000000063a56000 	D:\Java\jdk1.8.0_66\jre\bin\zip.dll
0x00007ff9ba790000 - 0x00007ff9bbcb8000 	C:\WINDOWS\system32\SHELL32.dll
0x00007ff9b8c80000 - 0x00007ff9b92e3000 	C:\WINDOWS\system32\windows.storage.dll
0x00007ff9ba730000 - 0x00007ff9ba783000 	C:\WINDOWS\system32\shlwapi.dll
0x00007ff9b85d0000 - 0x00007ff9b85df000 	C:\WINDOWS\system32\kernel.appcore.dll
0x00007ff9b8bd0000 - 0x00007ff9b8c7f000 	C:\WINDOWS\system32\shcore.dll
0x00007ff9b85f0000 - 0x00007ff9b863b000 	C:\WINDOWS\system32\powrprof.dll
0x00007ff9b88d0000 - 0x00007ff9b89c8000 	C:\WINDOWS\system32\ucrtbase.dll
0x00007ff9b85b0000 - 0x00007ff9b85c4000 	C:\WINDOWS\system32\profapi.dll

VM Arguments:
jvm_args: -Djava.awt.headless=true -Xmx4g -Dfile.encoding=GBK -Duser.country=CN -Duser.language=zh -Duser.variant 
java_command: com.android.dx.command.Main --dex --force-jumbo --num-threads=4 --output F:\AsProject\RJcenter\sample\build\intermediates\transforms\dex\debug\folders\1000\1f\main F:\AsProject\RJcenter\sample\build\intermediates\exploded-aar\com.android.support\design\23.2.0\jars\classes.jar C:\Users\angcyo\.gradle\caches\modules-2\files-2.1\com.google.code.gson\gson\2.3.1\ecb6e1f8e4b0e84c4b886c2f14a1500caf309757\gson-2.3.1.jar C:\Users\angcyo\.gradle\caches\modules-2\files-2.1\io.reactivex\rxjava\1.1.1\b494968f6050d494de55dc3ce005e59c7eb40012\rxjava-1.1.1.jar F:\AsProject\RJcenter\sample\build\intermediates\exploded-aar\com.android.support\animated-vector-drawable\23.2.0\jars\classes.jar C:\Users\angcyo\.gradle\caches\modules-2\files-2.1\de.greenrobot\eventbus\3.0.0-beta1\d4a559b2dfb3e8a00ed37c440e118584f60db046\eventbus-3.0.0-beta1.jar F:\AsProject\RJcenter\sample\build\intermediates\exploded-aar\com.android.support\recyclerview-v7\23.2.0\jars\classes.jar F:\AsProject\RJcenter\sample\build\intermediates\exploded-aar\io.reactivex\rxandroid\1.1.0\jars\classes.jar D:\Android\sdk\extras\android\m2repository\com\android\support\support-annotations\23.2.0\support-annotations-23.2.0.jar F:\AsProject\RJcenter\sample\build\intermediates\exploded-aar\com.android.support\appcompat-v7\23.2.0\jars\classes.jar F:\AsProject\RJcenter\sample\build\intermediates\exploded-aar\com.android.support\support-v4\23.2.0\jars\classes.jar F:\AsProject\RJcenter\sample\build\intermediates\classes\debug F:\AsProject\RJcenter\sample\build\intermediates\exploded-aar\RJcenter\rsen\unspecified\jars\classes.jar C:\Users\angcyo\.gradle\caches\modules-2\files-2.1\com.squareup.okhttp3\okhttp\3.0.1\b34c1f2d993044656e87f88970b6818e99e886ba\okhttp-3.0.1.jar F:\AsProject\RJcenter\sample\build\intermediates\exploded-aar\com.android.support\support-vector-drawable\23.2.0\jars\classes.jar F:\AsProject\RJcenter\sample\build\intermediates\exploded-aar\com.orhanobut\hawk\1.18\jars\classes.jar F:\AsProject\RJcent
java_class_path (initial): D:\Android\sdk\build-tools\23.0.2\lib\dx.jar
Launcher Type: SUN_STANDARD

Environment Variables:
JAVA_HOME=D:\Java\jdk1.8.0_66\
PATH=C:\Program Files\Dell\DW WLAN Card;D:\Python27\;D:\Python27\Scripts;D:\Java\jdk1.8.0_66\\bin;C:\ProgramData\Oracle\Java\javapath;C:\PROGRAM FILES (X86)\INTEL\ICLS CLIENT\;C:\PROGRAM FILES\INTEL\ICLS CLIENT\;C:\WINDOWS\SYSTEM32;C:\WINDOWS;C:\WINDOWS\SYSTEM32\WBEM;C:\WINDOWS\SYSTEM32\WINDOWSPOWERSHELL\V1.0\;C:\PROGRAM FILES (X86)\WINDOWS KITS\8.1\WINDOWS PERFORMANCE TOOLKIT\;C:\PROGRAM FILES\MICROSOFT SQL SERVER\120\TOOLS\BINN\;C:\WINDOWS\system32\config\systemprofile\.DNX\BIN;C:\PROGRAM FILES\MICROSOFT DNX\DNVM\;C:\Program Files\WIDCOMM\Bluetooth Software\;C:\Program Files\WIDCOMM\Bluetooth Software\syswow64;D:\Android\sdk\build-tools\23.0.2;C:\WINDOWS\system32;C:\WINDOWS;C:\WINDOWS\System32\Wbem;C:\WINDOWS\System32\WindowsPowerShell\v1.0\;C:\Program Files\Intel\Intel(R) Management Engine Components\DAL;C:\Program Files\Intel\Intel(R) Management Engine Components\IPT;GRADLE_HOME\bin;D:\Python35\Scripts\;D:\Python35\
USERNAME=angcyo
OS=Windows_NT
PROCESSOR_IDENTIFIER=Intel64 Family 6 Model 61 Stepping 4, GenuineIntel



---------------  S Y S T E M  ---------------

OS: Windows 10.0 , 64 bit Build 14267 (10.0.14267.1000)

CPU:total 4 (2 cores per cpu, 2 threads per core) family 6 model 61 stepping 4, cmov, cx8, fxsr, mmx, sse, sse2, sse3, ssse3, sse4.1, sse4.2, popcnt, avx, avx2, aes, clmul, erms, 3dnowpref, lzcnt, ht, tsc, tscinvbit, bmi1, bmi2, adx

Memory: 4k page, physical 8291024k(308332k free), swap 12131020k(5576k free)

vm_info: Java HotSpot(TM) 64-Bit Server VM (25.66-b18) for windows-amd64 JRE (1.8.0_66-b18), built on Nov  9 2015 10:51:13 by "java_re" with MS VC++ 10.0 (VS2010)

time: Thu Feb 25 13:18:23 2016
elapsed time: 9 seconds (0d 0h 0m 9s)

