#
# There is insufficient memory for the Java Runtime Environment to continue.
# Native memory allocation (malloc) failed to allocate 32744 bytes for ChunkPool::allocate
# Possible reasons:
#   The system is out of physical RAM or swap space
#   In 32 bit mode, the process size limit was hit
# Possible solutions:
#   Reduce memory load on the system
#   Increase physical memory or swap space
#   Check if swap backing store is full
#   Use 64 bit Java on a 64 bit OS
#   Decrease Java heap size (-Xmx/-Xms)
#   Decrease number of Java threads
#   Decrease Java thread stack sizes (-Xss)
#   Set larger code cache with -XX:ReservedCodeCacheSize=
# This output file may be truncated or incomplete.
#
#  Out of Memory Error (allocation.cpp:273), pid=37396, tid=37212
#
# JRE version: Java(TM) SE Runtime Environment (8.0_66-b18) (build 1.8.0_66-b18)
# Java VM: Java HotSpot(TM) 64-Bit Server VM (25.66-b18 mixed mode windows-amd64 compressed oops)
# Failed to write core dump. Minidumps are not enabled by default on client versions of Windows
#

---------------  T H R E A D  ---------------

Current thread (0x000000001bdba000):  JavaThread "C2 CompilerThread0" daemon [_thread_in_native, id=37212, stack(0x000000001d330000,0x000000001d430000)]

Stack: [0x000000001d330000,0x000000001d430000]
[error occurred during error reporting (printing stack bounds), id 0xc0000005]

Native frames: (J=compiled Java code, j=interpreted, Vv=VM code, C=native code)


Current CompileTask:
C2:  19767 3041       4       java.util.TimSort::sort (229 bytes)


---------------  P R O C E S S  ---------------

Java Threads: ( => current thread )
  0x000000001d4b3800 JavaThread "Service Thread" daemon [_thread_blocked, id=34296, stack(0x000000001da30000,0x000000001db30000)]
  0x000000001bdbe000 JavaThread "C1 CompilerThread2" daemon [_thread_blocked, id=37200, stack(0x000000001d930000,0x000000001da30000)]
  0x000000001bdbd000 JavaThread "C2 CompilerThread1" daemon [_thread_blocked, id=37204, stack(0x000000001d830000,0x000000001d930000)]
=>0x000000001bdba000 JavaThread "C2 CompilerThread0" daemon [_thread_in_native, id=37212, stack(0x000000001d330000,0x000000001d430000)]
  0x000000001bd6f000 JavaThread "Attach Listener" daemon [_thread_blocked, id=37424, stack(0x000000001d230000,0x000000001d330000)]
  0x0000000002688000 JavaThread "Finalizer" daemon [_thread_blocked, id=37572, stack(0x000000001cfd0000,0x000000001d0d0000)]
  0x000000000267f800 JavaThread "Reference Handler" daemon [_thread_blocked, id=37488, stack(0x000000001ced0000,0x000000001cfd0000)]
  0x00000000020ce800 JavaThread "main" [_thread_blocked, id=37496, stack(0x0000000002490000,0x0000000002590000)]

Other Threads:
  0x000000001bd27000 VMThread [stack: 0x000000001cdd0000,0x000000001ced0000] [id=37484]

VM state:at safepoint (normal execution)

VM Mutex/Monitor currently owned by a thread:  ([mutex/lock_event])
[0x00000000020cd950] Threads_lock - owner thread: 0x000000001bd27000

Heap:
 PSYoungGen      total 406528K, used 206179K [0x000000076ab00000, 0x000000078df80000, 0x00000007c0000000)
  eden space 392704K, 48% used [0x000000076ab00000,0x00000007766dc980,0x0000000782a80000)
  from space 13824K, 99% used [0x000000078d200000,0x000000078df7c670,0x000000078df80000)
  to   space 66560K, 0% used [0x0000000789100000,0x0000000789100000,0x000000078d200000)
 ParOldGen       total 363008K, used 293873K [0x00000006c0000000, 0x00000006d6280000, 0x000000076ab00000)
  object space 363008K, 80% used [0x00000006c0000000,0x00000006d1efc778,0x00000006d6280000)
 Metaspace       used 7675K, capacity 7960K, committed 8192K, reserved 1056768K
  class space    used 702K, capacity 720K, committed 768K, reserved 1048576K

Card table byte_map: [0x0000000011a50000,0x0000000012260000] byte_map_base: 0x000000000e450000

Marking Bits: (ParMarkBitMap*) 0x00000000510da5b0
 Begin Bits: [0x0000000012bc0000, 0x0000000016bc0000)
 End Bits:   [0x0000000016bc0000, 0x000000001abc0000)

Polling page: 0x00000000001f0000

CodeCache: size=245760Kb used=11781Kb max_used=13127Kb free=233978Kb
 bounds [0x0000000002690000, 0x0000000003370000, 0x0000000011690000]
 total_blobs=3072 nmethods=2792 adapters=192
 compilation: enabled

Compilation events (10 events):
Event: 19.688 Thread 0x000000001bdbe000 3230  s!   2       sun.misc.URLClassPath::getLoader (197 bytes)
Event: 19.690 Thread 0x000000001bdbe000 nmethod 3230 0x0000000002956ad0 code [0x0000000002956da0, 0x00000000029583f8]
Event: 19.690 Thread 0x000000001bdbe000 3231   !   2       sun.misc.URLClassPath$JarLoader::getResource (85 bytes)
Event: 19.691 Thread 0x000000001bdbe000 nmethod 3231 0x0000000002ce9310 code [0x0000000002ce9500, 0x0000000002ce9b78]
Event: 19.691 Thread 0x000000001bdbe000 3232       2       java.net.URLClassLoader::isSealed (72 bytes)
Event: 19.692 Thread 0x000000001bdbe000 nmethod 3232 0x0000000002d774d0 code [0x0000000002d776a0, 0x0000000002d77a18]
Event: 19.692 Thread 0x000000001bdbe000 3233       2       java.lang.ClassLoader::compareCerts (149 bytes)
Event: 19.693 Thread 0x000000001bdbe000 nmethod 3233 0x000000000298cf50 code [0x000000000298d0e0, 0x000000000298d598]
Event: 19.713 Thread 0x000000001bdbe000 3234       1       java.nio.Buffer::position (5 bytes)
Event: 19.713 Thread 0x000000001bdbe000 nmethod 3234 0x0000000002f14190 code [0x0000000002f142e0, 0x0000000002f143f0]

GC Heap History (10 events):
Event: 7.525 GC heap before
{Heap before GC invocations=9 (full 1):
 PSYoungGen      total 293376K, used 279983K [0x000000076ab00000, 0x0000000791300000, 0x00000007c0000000)
  eden space 262144K, 100% used [0x000000076ab00000,0x000000077ab00000,0x000000077ab00000)
  from space 31232K, 57% used [0x000000077ab00000,0x000000077bc6bca8,0x000000077c980000)
  to   space 53248K, 0% used [0x000000078df00000,0x000000078df00000,0x0000000791300000)
 ParOldGen       total 176128K, used 87238K [0x00000006c0000000, 0x00000006cac00000, 0x000000076ab00000)
  object space 176128K, 49% used [0x00000006c0000000,0x00000006c5531ae8,0x00000006cac00000)
 Metaspace       used 6635K, capacity 7320K, committed 7680K, reserved 1056768K
  class space    used 626K, capacity 656K, committed 768K, reserved 1048576K
Event: 7.701 GC heap after
Heap after GC invocations=9 (full 1):
 PSYoungGen      total 383488K, used 53239K [0x000000076ab00000, 0x0000000791300000, 0x00000007c0000000)
  eden space 330240K, 0% used [0x000000076ab00000,0x000000076ab00000,0x000000077ed80000)
  from space 53248K, 99% used [0x000000078df00000,0x00000007912fded0,0x0000000791300000)
  to   space 66560K, 0% used [0x0000000789100000,0x0000000789100000,0x000000078d200000)
 ParOldGen       total 176128K, used 96255K [0x00000006c0000000, 0x00000006cac00000, 0x000000076ab00000)
  object space 176128K, 54% used [0x00000006c0000000,0x00000006c5dfffa0,0x00000006cac00000)
 Metaspace       used 6635K, capacity 7320K, committed 7680K, reserved 1056768K
  class space    used 626K, capacity 656K, committed 768K, reserved 1048576K
}
Event: 9.083 GC heap before
{Heap before GC invocations=10 (full 1):
 PSYoungGen      total 383488K, used 383479K [0x000000076ab00000, 0x0000000791300000, 0x00000007c0000000)
  eden space 330240K, 100% used [0x000000076ab00000,0x000000077ed80000,0x000000077ed80000)
  from space 53248K, 99% used [0x000000078df00000,0x00000007912fded0,0x0000000791300000)
  to   space 66560K, 0% used [0x0000000789100000,0x0000000789100000,0x000000078d200000)
 ParOldGen       total 176128K, used 96255K [0x00000006c0000000, 0x00000006cac00000, 0x000000076ab00000)
  object space 176128K, 54% used [0x00000006c0000000,0x00000006c5dfffa0,0x00000006cac00000)
 Metaspace       used 6652K, capacity 7320K, committed 7680K, reserved 1056768K
  class space    used 626K, capacity 656K, committed 768K, reserved 1048576K
Event: 9.348 GC heap after
Heap after GC invocations=10 (full 1):
 PSYoungGen      total 459264K, used 66557K [0x000000076ab00000, 0x000000078df80000, 0x00000007c0000000)
  eden space 392704K, 0% used [0x000000076ab00000,0x000000076ab00000,0x0000000782a80000)
  from space 66560K, 99% used [0x0000000789100000,0x000000078d1ff448,0x000000078d200000)
  to   space 13824K, 0% used [0x000000078d200000,0x000000078d200000,0x000000078df80000)
 ParOldGen       total 176128K, used 131291K [0x00000006c0000000, 0x00000006cac00000, 0x000000076ab00000)
  object space 176128K, 74% used [0x00000006c0000000,0x00000006c8036ec8,0x00000006cac00000)
 Metaspace       used 6652K, capacity 7320K, committed 7680K, reserved 1056768K
  class space    used 626K, capacity 656K, committed 768K, reserved 1048576K
}
Event: 10.738 GC heap before
{Heap before GC invocations=11 (full 1):
 PSYoungGen      total 459264K, used 459261K [0x000000076ab00000, 0x000000078df80000, 0x00000007c0000000)
  eden space 392704K, 100% used [0x000000076ab00000,0x0000000782a80000,0x0000000782a80000)
  from space 66560K, 99% used [0x0000000789100000,0x000000078d1ff448,0x000000078d200000)
  to   space 13824K, 0% used [0x000000078d200000,0x000000078d200000,0x000000078df80000)
 ParOldGen       total 176128K, used 131291K [0x00000006c0000000, 0x00000006cac00000, 0x000000076ab00000)
  object space 176128K, 74% used [0x00000006c0000000,0x00000006c8036ec8,0x00000006cac00000)
 Metaspace       used 6661K, capacity 7320K, committed 7680K, reserved 1056768K
  class space    used 626K, capacity 656K, committed 768K, reserved 1048576K
Event: 11.174 GC heap after
Heap after GC invocations=11 (full 1):
 PSYoungGen      total 459264K, used 459261K [0x000000076ab00000, 0x000000078df80000, 0x00000007c0000000)
  eden space 392704K, 100% used [0x000000076ab00000,0x0000000782a80000,0x0000000782a80000)
  from space 66560K, 99% used [0x0000000789100000,0x000000078d1ff448,0x000000078d200000)
  to   space 13824K, 99% used [0x000000078d200000,0x000000078df7b1b0,0x000000078df80000)
 ParOldGen       total 228352K, used 227980K [0x00000006c0000000, 0x00000006cdf00000, 0x000000076ab00000)
  object space 228352K, 99% used [0x00000006c0000000,0x00000006cdea32e0,0x00000006cdf00000)
 Metaspace       used 6661K, capacity 7320K, committed 7680K, reserved 1056768K
  class space    used 626K, capacity 656K, committed 768K, reserved 1048576K
}
Event: 11.174 GC heap before
{Heap before GC invocations=12 (full 2):
 PSYoungGen      total 459264K, used 459261K [0x000000076ab00000, 0x000000078df80000, 0x00000007c0000000)
  eden space 392704K, 100% used [0x000000076ab00000,0x0000000782a80000,0x0000000782a80000)
  from space 66560K, 99% used [0x0000000789100000,0x000000078d1ff448,0x000000078d200000)
  to   space 13824K, 99% used [0x000000078d200000,0x000000078df7b1b0,0x000000078df80000)
 ParOldGen       total 228352K, used 227980K [0x00000006c0000000, 0x00000006cdf00000, 0x000000076ab00000)
  object space 228352K, 99% used [0x00000006c0000000,0x00000006cdea32e0,0x00000006cdf00000)
 Metaspace       used 6661K, capacity 7320K, committed 7680K, reserved 1056768K
  class space    used 626K, capacity 656K, committed 768K, reserved 1048576K
Event: 13.956 GC heap after
Heap after GC invocations=12 (full 2):
 PSYoungGen      total 459264K, used 20428K [0x000000076ab00000, 0x000000078df80000, 0x00000007c0000000)
  eden space 392704K, 5% used [0x000000076ab00000,0x000000076bef3130,0x0000000782a80000)
  from space 66560K, 0% used [0x0000000789100000,0x0000000789100000,0x000000078d200000)
  to   space 13824K, 0% used [0x000000078d200000,0x000000078d200000,0x000000078df80000)
 ParOldGen       total 363008K, used 228329K [0x00000006c0000000, 0x00000006d6280000, 0x000000076ab00000)
  object space 363008K, 62% used [0x00000006c0000000,0x00000006cdefa708,0x00000006d6280000)
 Metaspace       used 6661K, capacity 7320K, committed 7680K, reserved 1056768K
  class space    used 626K, capacity 656K, committed 768K, reserved 1048576K
}
Event: 15.444 GC heap before
{Heap before GC invocations=13 (full 2):
 PSYoungGen      total 459264K, used 392704K [0x000000076ab00000, 0x000000078df80000, 0x00000007c0000000)
  eden space 392704K, 100% used [0x000000076ab00000,0x0000000782a80000,0x0000000782a80000)
  from space 66560K, 0% used [0x0000000789100000,0x0000000789100000,0x000000078d200000)
  to   space 13824K, 0% used [0x000000078d200000,0x000000078d200000,0x000000078df80000)
 ParOldGen       total 363008K, used 228329K [0x00000006c0000000, 0x00000006d6280000, 0x000000076ab00000)
  object space 363008K, 62% used [0x00000006c0000000,0x00000006cdefa708,0x00000006d6280000)
 Metaspace       used 6670K, capacity 7320K, committed 7680K, reserved 1056768K
  class space    used 627K, capacity 656K, committed 768K, reserved 1048576K
Event: 15.667 GC heap after
Heap after GC invocations=13 (full 2):
 PSYoungGen      total 406528K, used 13809K [0x000000076ab00000, 0x000000078df80000, 0x00000007c0000000)
  eden space 392704K, 0% used [0x000000076ab00000,0x000000076ab00000,0x0000000782a80000)
  from space 13824K, 99% used [0x000000078d200000,0x000000078df7c670,0x000000078df80000)
  to   space 66560K, 0% used [0x0000000789100000,0x0000000789100000,0x000000078d200000)
 ParOldGen       total 363008K, used 293873K [0x00000006c0000000, 0x00000006d6280000, 0x000000076ab00000)
  object space 363008K, 80% used [0x00000006c0000000,0x00000006d1efc778,0x00000006d6280000)
 Metaspace       used 6670K, capacity 7320K, committed 7680K, reserved 1056768K
  class space    used 627K, capacity 656K, committed 768K, reserved 1048576K
}

Deoptimization events (10 events):
Event: 17.208 Thread 0x00000000020ce800 Uncommon trap: reason=class_check action=maybe_recompile pc=0x0000000002987ec8 method=java.util.Arrays.equals([Ljava/lang/Object;[Ljava/lang/Object;)Z @ 62
Event: 17.209 Thread 0x00000000020ce800 Uncommon trap: reason=unstable_if action=reinterpret pc=0x0000000002ef7d74 method=java.util.TreeMap.put(Ljava/lang/Object;Ljava/lang/Object;)Ljava/lang/Object; @ 163
Event: 18.022 Thread 0x00000000020ce800 Uncommon trap: reason=unstable_if action=reinterpret pc=0x00000000027a74ec method=com.android.dx.dex.code.OutputFinisher.align64bits([Lcom/android/dx/dex/code/Dop;)V @ 237
Event: 18.049 Thread 0x00000000020ce800 Uncommon trap: reason=unstable_if action=reinterpret pc=0x00000000032d87a8 method=com.android.dx.dex.code.LocalList$MakeState.filterSpec(Lcom/android/dx/rop/code/RegisterSpec;)Lcom/android/dx/rop/code/RegisterSpec; @ 11
Event: 18.049 Thread 0x00000000020ce800 Uncommon trap: reason=unstable_if action=reinterpret pc=0x00000000032bbf44 method=com.android.dx.dex.code.LocalList$MakeState.filterSpec(Lcom/android/dx/rop/code/RegisterSpec;)Lcom/android/dx/rop/code/RegisterSpec; @ 11
Event: 18.764 Thread 0x00000000020ce800 Uncommon trap: reason=unstable_if action=reinterpret pc=0x00000000028dfd3c method=java.lang.Long.numberOfTrailingZeros(J)I @ 3
Event: 19.578 Thread 0x00000000020ce800 Uncommon trap: reason=unstable_if action=reinterpret pc=0x000000000297106c method=java.util.Arrays.copyOf([Ljava/lang/Object;ILjava/lang/Class;)[Ljava/lang/Object; @ 3
Event: 19.579 Thread 0x00000000020ce800 Uncommon trap: reason=class_check action=maybe_recompile pc=0x0000000003085c48 method=java.util.HashMap.putVal(ILjava/lang/Object;Ljava/lang/Object;ZZ)Ljava/lang/Object; @ 56
Event: 19.579 Thread 0x00000000020ce800 Uncommon trap: reason=class_check action=maybe_recompile pc=0x0000000003085cec method=java.util.HashMap.putVal(ILjava/lang/Object;Ljava/lang/Object;ZZ)Ljava/lang/Object; @ 152
Event: 19.579 Thread 0x00000000020ce800 Uncommon trap: reason=class_check action=maybe_recompile pc=0x0000000003085c48 method=java.util.HashMap.putVal(ILjava/lang/Object;Ljava/lang/Object;ZZ)Ljava/lang/Object; @ 56

Internal exceptions (6 events):
Event: 0.031 Thread 0x00000000020ce800 Exception <a 'java/lang/NoSuchMethodError': Method sun.misc.Unsafe.defineClass(Ljava/lang/String;[BII)Ljava/lang/Class; name or signature does not match> (0x000000076ab12ea8) thrown at [C:\re\workspace\8-2-build-windows-amd64-cygwin\jdk8u66\5298\hotspot\sr˚áç§ôü?
Event: 0.031 Thread 0x00000000020ce800 Exception <a 'java/lang/NoSuchMethodError': Method sun.misc.Unsafe.prefetchRead(Ljava/lang/Object;J)V name or signature does not match> (0x000000076ab13190) thrown at [C:\re\workspace\8-2-build-windows-amd64-cygwin\jdk8u66\5298\hotspot\src\share\vm\prims\jÊrÆb'∏˚?
Event: 1.732 Thread 0x000000001d6b9800 Exception <a 'java/lang/ArrayIndexOutOfBoundsException': 18> (0x000000076b35eed0) thrown at [C:\re\workspace\8-2-build-windows-amd64-cygwin\jdk8u66\5298\hotspot\src\share\vm\interpreter\interpreterRuntime.cpp, line 366]
Event: 1.733 Thread 0x000000001d6b9800 Exception <a 'java/lang/ArrayIndexOutOfBoundsException'> (0x000000076b360a50) thrown at [C:\re\workspace\8-2-build-windows-amd64-cygwin\jdk8u66\5298\hotspot\src\share\vm\runtime\sharedRuntime.cpp, line 605]
Event: 1.734 Thread 0x000000001d6b9800 Exception <a 'java/lang/ArrayIndexOutOfBoundsException'> (0x000000076b361d38) thrown at [C:\re\workspace\8-2-build-windows-amd64-cygwin\jdk8u66\5298\hotspot\src\share\vm\runtime\sharedRuntime.cpp, line 605]
Event: 19.696 Thread 0x00000000020ce800 Exception <a 'java/lang/OutOfMemoryError'> (0x0000000775d4a760) thrown at [C:\re\workspace\8-2-build-windows-amd64-cygwin\jdk8u66\5298\hotspot\src\share\vm\prims\jni.cpp, line 735]

Events (10 events):
Event: 19.700 loading class java/util/IdentityHashMap
Event: 19.712 loading class java/util/IdentityHashMap done
Event: 19.712 loading class java/util/IdentityHashMap$KeySet
Event: 19.713 loading class java/util/IdentityHashMap$KeySet done
Event: 19.713 loading class java/lang/Shutdown
Event: 19.714 loading class java/lang/Shutdown done
Event: 19.714 loading class java/lang/Shutdown$Lock
Event: 19.714 loading class java/lang/Shutdown$Lock done
Event: 19.714 Thread 0x000000001bd6d800 Thread exited: 0x000000001bd6d800
Event: 19.714 Executing VM operation: Exit


Dynamic libraries:
0x00007ff66fce0000 - 0x00007ff66fd17000 	D:\Java\jdk1.8.0_66\bin\java.exe
0x00007ffcf2ee0000 - 0x00007ffcf30aa000 	C:\WINDOWS\SYSTEM32\ntdll.dll
0x00007ffcf2980000 - 0x00007ffcf2a2b000 	C:\WINDOWS\system32\KERNEL32.DLL
0x00007ffcef520000 - 0x00007ffcef713000 	C:\WINDOWS\system32\KERNELBASE.dll
0x00007ffcf2080000 - 0x00007ffcf2127000 	C:\WINDOWS\system32\ADVAPI32.dll
0x00007ffcf2530000 - 0x00007ffcf25cd000 	C:\WINDOWS\system32\msvcrt.dll
0x00007ffcf1f60000 - 0x00007ffcf1fbc000 	C:\WINDOWS\system32\sechost.dll
0x00007ffcf1e30000 - 0x00007ffcf1f5c000 	C:\WINDOWS\system32\RPCRT4.dll
0x00007ffcf25d0000 - 0x00007ffcf2733000 	C:\WINDOWS\system32\USER32.dll
0x00000000527a0000 - 0x00000000527be000 	C:\WINDOWS\system32\win32u.dll
0x00007ffcf27a0000 - 0x00007ffcf2920000 	C:\WINDOWS\system32\GDI32.dll
0x00007ffce0200000 - 0x00007ffce0474000 	C:\WINDOWS\WinSxS\amd64_microsoft.windows.common-controls_6595b64144ccf1df_6.0.14267.1000_none_7e856d7ee9a5a4b7\COMCTL32.dll
0x00007ffcf2130000 - 0x00007ffcf23b1000 	C:\WINDOWS\system32\combase.dll
0x00007ffcf0230000 - 0x00007ffcf029a000 	C:\WINDOWS\system32\bcryptPrimitives.dll
0x00007ffcf2050000 - 0x00007ffcf207d000 	C:\WINDOWS\system32\IMM32.DLL
0x00000000503a0000 - 0x0000000050472000 	D:\Java\jdk1.8.0_66\jre\bin\msvcr100.dll
0x00000000508d0000 - 0x0000000051159000 	D:\Java\jdk1.8.0_66\jre\bin\server\jvm.dll
0x00007ffcf0730000 - 0x00007ffcf0737000 	C:\WINDOWS\system32\PSAPI.DLL
0x00007ffcebac0000 - 0x00007ffcebac9000 	C:\WINDOWS\SYSTEM32\WSOCK32.dll
0x00007ffcedd30000 - 0x00007ffcedd53000 	C:\WINDOWS\SYSTEM32\WINMM.dll
0x00007ffce0920000 - 0x00007ffce092a000 	C:\WINDOWS\SYSTEM32\VERSION.dll
0x00007ffcf1fe0000 - 0x00007ffcf204b000 	C:\WINDOWS\system32\WS2_32.dll
0x0000000002040000 - 0x000000000206c000 	C:\WINDOWS\SYSTEM32\WINMMBASE.dll
0x00007ffcefd90000 - 0x00007ffcefdd3000 	C:\WINDOWS\system32\cfgmgr32.dll
0x0000000052690000 - 0x000000005269f000 	D:\Java\jdk1.8.0_66\jre\bin\verify.dll
0x0000000052660000 - 0x0000000052689000 	D:\Java\jdk1.8.0_66\jre\bin\java.dll
0x0000000052640000 - 0x0000000052656000 	D:\Java\jdk1.8.0_66\jre\bin\zip.dll
0x00007ffcf0850000 - 0x00007ffcf1d78000 	C:\WINDOWS\system32\SHELL32.dll
0x00007ffcef720000 - 0x00007ffcefd83000 	C:\WINDOWS\system32\windows.storage.dll
0x00007ffcf2740000 - 0x00007ffcf2793000 	C:\WINDOWS\system32\shlwapi.dll
0x00007ffcef510000 - 0x00007ffcef51f000 	C:\WINDOWS\system32\kernel.appcore.dll
0x00007ffcefde0000 - 0x00007ffcefe8f000 	C:\WINDOWS\system32\shcore.dll
0x00007ffcef4b0000 - 0x00007ffcef4fb000 	C:\WINDOWS\system32\powrprof.dll
0x00007ffcefe90000 - 0x00007ffceff88000 	C:\WINDOWS\system32\ucrtbase.dll
0x00007ffcef490000 - 0x00007ffcef4a4000 	C:\WINDOWS\system32\profapi.dll

VM Arguments:
jvm_args: -Djava.awt.headless=true -Xmx4g -Dfile.encoding=GBK -Duser.country=CN -Duser.language=zh -Duser.variant 
java_command: com.android.dx.command.Main --dex --force-jumbo --num-threads=4 --output F:\AsProject\RJcenter\sample\build\intermediates\transforms\dex\debug\folders\1000\1f\main C:\Users\angcyo\.gradle\caches\modules-2\files-2.1\com.google.code.gson\gson\2.3.1\ecb6e1f8e4b0e84c4b886c2f14a1500caf309757\gson-2.3.1.jar F:\AsProject\RJcenter\sample\build\intermediates\exploded-aar\com.android.support\support-v4\23.1.1\jars\libs\internal_impl-23.1.1.jar C:\Users\angcyo\.gradle\caches\modules-2\files-2.1\io.reactivex\rxjava\1.1.1\b494968f6050d494de55dc3ce005e59c7eb40012\rxjava-1.1.1.jar C:\Users\angcyo\.gradle\caches\modules-2\files-2.1\de.greenrobot\eventbus\3.0.0-beta1\d4a559b2dfb3e8a00ed37c440e118584f60db046\eventbus-3.0.0-beta1.jar F:\AsProject\RJcenter\sample\build\intermediates\exploded-aar\io.reactivex\rxandroid\1.1.0\jars\classes.jar F:\AsProject\RJcenter\sample\build\intermediates\classes\debug F:\AsProject\RJcenter\sample\build\intermediates\exploded-aar\RJcenter\rsen\unspecified\jars\classes.jar C:\Users\angcyo\.gradle\caches\modules-2\files-2.1\com.squareup.okhttp3\okhttp\3.0.1\b34c1f2d993044656e87f88970b6818e99e886ba\okhttp-3.0.1.jar F:\AsProject\RJcenter\sample\build\intermediates\exploded-aar\com.android.support\design\23.1.1\jars\classes.jar D:\Android\sdk\extras\android\m2repository\com\android\support\support-annotations\23.1.1\support-annotations-23.1.1.jar F:\AsProject\RJcenter\sample\build\intermediates\exploded-aar\com.orhanobut\hawk\1.18\jars\classes.jar F:\AsProject\RJcenter\sample\build\intermediates\exploded-aar\com.android.support\recyclerview-v7\23.1.1\jars\classes.jar F:\AsProject\RJcenter\sample\build\intermediates\exploded-aar\aaaa-1.0\jars\classes.jar F:\AsProject\RJcenter\sample\build\intermediates\exploded-aar\RJcenter\slidr\unspecified\jars\classes.jar F:\AsProject\RJcenter\sample\build\intermediates\exploded-aar\com.android.support\appcompat-v7\23.1.1\jars\classes.jar F:\AsProject\RJcenter\sample\build\intermediates\exploded-aar\com.an
java_class_path (initial): D:\Android\sdk\build-tools\23.0.2\lib\dx.jar
Launcher Type: SUN_STANDARD

Environment Variables:
JAVA_HOME=D:\Java\jdk1.8.0_66\
PATH=C:\Program Files\Dell\DW WLAN Card;D:\Python27\;D:\Python27\Scripts;D:\Java\jdk1.8.0_66\\bin;C:\ProgramData\Oracle\Java\javapath;C:\PROGRAM FILES (X86)\INTEL\ICLS CLIENT\;C:\PROGRAM FILES\INTEL\ICLS CLIENT\;C:\WINDOWS\SYSTEM32;C:\WINDOWS;C:\WINDOWS\SYSTEM32\WBEM;C:\WINDOWS\SYSTEM32\WINDOWSPOWERSHELL\V1.0\;C:\PROGRAM FILES (X86)\WINDOWS KITS\8.1\WINDOWS PERFORMANCE TOOLKIT\;C:\PROGRAM FILES\MICROSOFT SQL SERVER\120\TOOLS\BINN\;C:\WINDOWS\system32\config\systemprofile\.DNX\BIN;C:\PROGRAM FILES\MICROSOFT DNX\DNVM\;C:\Program Files\WIDCOMM\Bluetooth Software\;C:\Program Files\WIDCOMM\Bluetooth Software\syswow64;D:\Android\sdk\build-tools\23.0.2;C:\WINDOWS\system32;C:\WINDOWS;C:\WINDOWS\System32\Wbem;C:\WINDOWS\System32\WindowsPowerShell\v1.0\;C:\Program Files\Intel\Intel(R) Management Engine Components\DAL;C:\Program Files\Intel\Intel(R) Management Engine Components\IPT;GRADLE_HOME\bin;D:\Python35\Scripts\;D:\Python35\
USERNAME=angcyo
OS=Windows_NT
PROCESSOR_IDENTIFIER=Intel64 Family 6 Model 61 Stepping 4, GenuineIntel



---------------  S Y S T E M  ---------------

OS: Windows 10.0 , 64 bit Build 14267 (10.0.14267.1000)

CPU:total 4 (2 cores per cpu, 2 threads per core) family 6 model 61 stepping 4, cmov, cx8, fxsr, mmx, sse, sse2, sse3, ssse3, sse4.1, sse4.2, popcnt, avx, avx2, aes, clmul, erms, 3dnowpref, lzcnt, ht, tsc, tscinvbit, bmi1, bmi2, adx

Memory: 4k page, physical 8291024k(707936k free), swap 12131020k(4096k free)

vm_info: Java HotSpot(TM) 64-Bit Server VM (25.66-b18) for windows-amd64 JRE (1.8.0_66-b18), built on Nov  9 2015 10:51:13 by "java_re" with MS VC++ 10.0 (VS2010)

time: Sun Feb 21 10:26:12 2016
elapsed time: 19 seconds (0d 0h 0m 19s)

